<disk type='file'>
  <driver name='qemu' type='raw'/>
  <source file='%(file)s'/>
  <serial>%(serial)s</serial>
  <address type='drive' controller='0' bus='0' target='2' unit='%(unit)d'/>
  <target dev='%(dev)s' bus='scsi'/>
</disk>
