<domain type='kvm'>
  <name>%(name)s</name>
  <vcpu>%(cpus)d</vcpu>
  <os>
    <type arch='%(arch)s'>hvm</type>
    <boot dev='hd'/>
  </os>
  <memory unit='MiB'>%(memory_in_mib)d</memory>
  <currentMemory unit='MiB'>%(memory_in_mib)d</currentMemory>
  <features>
    <acpi/>
  </features>
  <devices>
    <disk type='file' snapshot='external'>
      <driver name='qemu' type='qcow2'/>
      <source file='%(drive)s'/>
      <target dev='vda' bus='virtio'/>
      <serial>%(disk_serial)s</serial>
    </disk>
    <controller type='scsi' model='virtio-scsi' index='0' id='hot'/>
    <interface type='bridge'>
      <source bridge='cockpit1'/>
      <model type='virtio'/>
      %(mac)s
    </interface>
    <console type='pty'>
      <target type='serial' port='0'/>
    </console>
    <disk type='file' device='cdrom'>
      <source file='%(iso)s'/>
      <target dev='hdb' bus='ide'/>
      <readonly/>
    </disk>
  </devices>
</domain>
