<interface type='bridge'>
  <source bridge='%(bridge)s'/>
  %(mac)s
</interface>
